I          6.56200          a     15.08870        -0.00001        61.89771        -2.99990    b   20.73850        -0.05728         0.00000        -2.81281
O          7.06800          a     15.08990        -0.00001        69.53369        -2.99988    b   20.74375         0.01749        10.48804        -3.11291
O          7.57400          a     15.09043        -0.00001        77.16943        -2.99987    b   20.74270         0.01802        20.98096        -2.91978
O          8.09200          a     15.09067        -0.00001        84.98657        -2.99985    b   20.74198        -0.00314        31.72241        -2.95076
O          8.59200          a     15.09070        -0.00002        92.53198        -2.99983    b   20.74287         0.01583        42.09058        -2.79875
O          9.09200          a     15.09070        -0.00002       100.07739        -2.99981    b   20.73882        -0.00607        52.45874        -2.72615
O          9.59200          a     15.09070        -0.00002       107.62280        -2.99980    b   20.74289        -0.01221        62.82690        -2.85237
O         10.09200          a     15.09070        -0.00002       115.16821        -2.99978    b   20.74286         0.00818        73.19531        -2.90321
O         10.59200          a     15.09070        -0.00002       122.71338        -2.99976    b   20.74290        -0.01213        83.56348        -2.87633
O         11.09200          a     15.09070        -0.00002       130.25879        -2.99975    b   20.74288         0.00798        93.93164        -2.93625
O         11.59200          a     15.09070        -0.00003       137.80420        -2.99973    b   20.74253         0.03508       104.29956        -2.73521
O         12.09200          a     15.09070        -0.00003       145.34961        -2.99971    b   20.74287        -0.01331       114.66772        -2.64452
O         12.59200          a     15.09070        -0.00003       152.89502        -2.99970    b   20.74285        -0.03465       125.03540        -2.90511
O         13.09200          a     15.09070        -0.00003       160.44043        -2.99972    b   20.74156        -0.00869       135.40356        -3.08564
O         13.59200          a     15.09070        -0.00003       167.98584        -2.99970    b   20.74199         0.01263       145.77197        -2.99404
O         14.09200          a     15.09070         0.00090       175.60030        -3.00702    b   20.73891         0.04258       156.13916        -3.00687
O         14.59200          a     15.09070         0.00035       183.14578        -3.00228    b   20.74300        -0.00178       166.50244        -2.67788
O         15.09200          a     15.09070         0.00010       190.69126        -3.00058    b   20.74308        -0.02219       176.93983        -2.83412
O         15.59200          a     15.09070         0.00002       198.23673        -3.00011    b   20.74289         0.14693       187.26774        -2.22310
O         16.10200          a     15.09070         0.00001       205.93309        -3.00011    b   20.74288         0.14692       197.73451        -0.67496
O         16.60800          a     15.09070         0.00001       213.56911        -3.00011    b   20.74290         0.14692       208.11917         0.86151
O         17.11400          a     15.09070         0.00001       221.20514        -3.00011    b   20.74086         0.10677       218.53007         2.19017
O         17.62000          b     20.74289         0.06185       228.98682         3.07209    a   15.09070         0.00001       228.84077        -3.00011
O         18.12600          b     20.74285         0.00316       239.47006         3.46186    a   15.09070         0.00001       236.46907        -3.00011
O         18.63200          b     20.74289         0.00318       249.97058         3.49528    a   15.09070         0.00001       244.09734        -3.00011
O         19.13800          b     20.74286        -0.01827       260.46434         3.57301    a   15.09070         0.00001       251.72566        -3.00011
O         19.64400          b     20.73958         0.01957       270.95299         3.34040    a   15.09070         0.00001       259.35393        -3.00011
O         20.15000          b     20.74285        -0.01011       281.45305         3.47626    a   15.09070         0.00001       266.98222        -3.00011
O         20.65600          b     20.74022         0.00766       291.95354         3.50707    a   15.09070         0.00001       274.61052        -3.00011
O         21.16200          b     20.74288         0.00767       302.45403         3.50162    a   15.09070         0.00001       282.23882        -3.00011
O         21.66800          b     20.74290        -0.00200       312.95451         3.51020    a   15.09070         0.00001       289.86711        -3.00011
O         22.17400          b     20.72787        -0.04419       323.45213         3.52075    a   15.09070         0.00001       297.49541        -3.00011
O         22.68000          b     20.71781        -0.16716       333.88670         2.47759    a   15.09070         0.00001       305.12370        -3.00011
O         23.18600          b     20.73981        -0.21000       344.15697         0.30970    a   15.09070         0.00001       312.75200        -3.00011
O         23.69200          b     20.73523        -0.17306       354.45518        -1.70768    a   15.08968         0.00001       320.38029        -3.00011
O         24.19800          b     20.73550        -0.09889       364.86339        -3.02689    a   15.08108         0.00001       328.00859        -3.00011
O         24.70400          b     20.73138        -0.01798       375.34294        -3.47448    a   15.06690         0.00001       335.63689        -3.00011
O         25.21000          b     20.73326         0.01626       385.82835        -3.27545    a   15.05061         0.00001       343.25603        -3.00011
O         25.71600          b     20.73210         0.00023       396.31340        -3.21009    a   15.03379         0.00001       350.86888        -3.00011
O         26.22200          b     20.73441         0.00694       406.79826        -3.44857    a   15.01714         0.00001       358.46989        -3.00011
O         26.72800          b     20.73279         0.03068       417.28331        -3.31071    a   15.00089         0.00001       366.06731        -3.00011
O         27.23400          b     20.73205        -0.01027       427.76834        -3.24981    a   14.98517         0.00001       373.65062        -3.00011
O         27.74000          b     20.73133         0.00361       438.25339        -3.30787    a   14.97002         0.00001       381.23259        -3.00011
O         28.24600          b     20.73067         0.00818       448.73843        -3.24024    a   14.95547         0.00001       388.80028        -3.00011

