I 5.594 b 15.080858 -8e-6 34.776825 -2.999933 c 20.76965 0.002937 6.304431 -3.273941
O 6.1 b 15.086493 -7e-6 42.410252 -2.999933 c 21.008139 0.005374 16.886641 -3.226734
O 6.606 b 15.088945 -7e-6 50.046276 -2.999933 c 20.905256 5.3e-5         27.465494 -3.191746
O 7.112 b 15.090004 -7e-6 57.68227 -2.999933 c 20.806314 -0.005412 38.043564 -3.213415
O 7.618 b 15.090463 -7e-6 65.313354 -2.999933 c 20.991816 0.040446 48.628551 -3.218992
O 8.132 b 15.09069 -7e-6 73.062225 -2.999933 c 20.886904 0.309504 59.107368 -1.065044
O 8.632 b 15.090692 -7e-6 80.600098 -2.999933 c 20.95738 0.243195 69.129898 1.880987
O 9.132 b 15.090692 -7e-6 88.13797 -2.999933 c 20.908133 0.010552 79.493713 2.901567
O 9.632 b 15.090692 -7e-6 95.675766 -2.999933 c 20.917896 0.005277 89.940277 2.991667
O 10.132 b 15.090692 -7e-6 103.213608 -2.999933 c 20.833391 2.7e-5         100.390549 3.025797
O 10.632 b 15.090692 -7e-6 110.75145 -2.999933 c 20.985682 -0.005485 110.836411 3.002779
O 11.132 b 15.090692 -7e-6 118.289291 -2.999933 c 20.784513 -0.01071 121.284592 2.924112
O 11.632 b 15.090692 -7e-6 125.827133 -2.999933 c 20.904501 -0.01615 131.733932 2.790201
O 12.132 b 15.090692 -7e-6 133.364975 -2.999933 c 20.947311 -0.021463 142.175156 2.600296
O 12.632 b 15.090692 -7e-6 140.902817 -2.999933 c 20.751726 -0.264311 152.542404 1.616369
O 13.132 b 15.090692 -7e-6 148.440659 -2.999933 c 20.834345 -0.251679 162.487106 -1.544439
O 13.632 b 15.091291 -7e-6 155.98851 -2.999933 c 20.950533 -0.011383 172.840927 -2.558414
O 14.132 b 15.080653 -7e-6 163.52739 -2.999933 c 21.000086 -0.000909 183.29332 -2.678141
O 14.632 b 15.064392 -7e-6 171.065231 -2.999933 c 20.930325 -0.003463 193.74144 -2.689064
O 15.132 b 15.04667 -7e-6 178.591293 -2.999933 c 20.927668 -0.008647 204.195236 -2.745777
O 15.632 b 15.028966 -7e-6 186.113022 -2.999933 c 20.702255 -0.013886 214.648361 -2.857815

